CRITICAL - 2023-04-03 00:12:03 --> Class "App\Models\Keluarodel" not found
in APPPATH\Controllers\Owner.php on line 28.
 1 SYSTEMPATH\CodeIgniter.php(906): App\Controllers\Owner->__construct()
 2 SYSTEMPATH\CodeIgniter.php(490): CodeIgniter\CodeIgniter->createController()
 3 SYSTEMPATH\CodeIgniter.php(368): CodeIgniter\CodeIgniter->handleRequest(null, Object(Config\Cache), false)
 4 FCPATH\index.php(67): CodeIgniter\CodeIgniter->run()
 5 SYSTEMPATH\Commands\Server\rewrite.php(47): require_once('FCPATH\\index.php')
CRITICAL - 2023-04-03 00:42:11 --> Undefined variable $stk
in APPPATH\Views\owner\barang_masuk.php on line 285.
 1 APPPATH\Views\owner\barang_masuk.php(285): CodeIgniter\Debug\Exceptions->errorHandler(2, 'Undefined variable $stk', 'APPPATH\\Views\\owner\\barang_masuk.php', 285)
 2 SYSTEMPATH\View\View.php(213): include('APPPATH\\Views\\owner\\barang_masuk.php')
 3 SYSTEMPATH\View\View.php(216): CodeIgniter\View\View->CodeIgniter\View\{closure}()
 4 SYSTEMPATH\Common.php(1184): CodeIgniter\View\View->render('owner/barang_masuk', [], true)
 5 APPPATH\Controllers\Owner.php(226): view('owner/barang_masuk', [...])
 6 SYSTEMPATH\CodeIgniter.php(934): App\Controllers\Owner->masuk()
 7 SYSTEMPATH\CodeIgniter.php(499): CodeIgniter\CodeIgniter->runController(Object(App\Controllers\Owner))
 8 SYSTEMPATH\CodeIgniter.php(368): CodeIgniter\CodeIgniter->handleRequest(null, Object(Config\Cache), false)
 9 FCPATH\index.php(67): CodeIgniter\CodeIgniter->run()
10 SYSTEMPATH\Commands\Server\rewrite.php(47): require_once('FCPATH\\index.php')
CRITICAL - 2023-04-03 00:46:26 --> Undefined array key "id"
in APPPATH\Views\owner\barang_masuk.php on line 270.
 1 APPPATH\Views\owner\barang_masuk.php(270): CodeIgniter\Debug\Exceptions->errorHandler(2, 'Undefined array key "id"', 'APPPATH\\Views\\owner\\barang_masuk.php', 270)
 2 SYSTEMPATH\View\View.php(213): include('APPPATH\\Views\\owner\\barang_masuk.php')
 3 SYSTEMPATH\View\View.php(216): CodeIgniter\View\View->CodeIgniter\View\{closure}()
 4 SYSTEMPATH\Common.php(1184): CodeIgniter\View\View->render('owner/barang_masuk', [], true)
 5 APPPATH\Controllers\Owner.php(226): view('owner/barang_masuk', [...])
 6 SYSTEMPATH\CodeIgniter.php(934): App\Controllers\Owner->masuk()
 7 SYSTEMPATH\CodeIgniter.php(499): CodeIgniter\CodeIgniter->runController(Object(App\Controllers\Owner))
 8 SYSTEMPATH\CodeIgniter.php(368): CodeIgniter\CodeIgniter->handleRequest(null, Object(Config\Cache), false)
 9 FCPATH\index.php(67): CodeIgniter\CodeIgniter->run()
10 SYSTEMPATH\Commands\Server\rewrite.php(47): require_once('FCPATH\\index.php')
CRITICAL - 2023-04-03 00:46:44 --> Undefined variable $idMasuk
in APPPATH\Views\owner\barang_masuk.php on line 285.
 1 APPPATH\Views\owner\barang_masuk.php(285): CodeIgniter\Debug\Exceptions->errorHandler(2, 'Undefined variable $idMasuk', 'APPPATH\\Views\\owner\\barang_masuk.php', 285)
 2 SYSTEMPATH\View\View.php(213): include('APPPATH\\Views\\owner\\barang_masuk.php')
 3 SYSTEMPATH\View\View.php(216): CodeIgniter\View\View->CodeIgniter\View\{closure}()
 4 SYSTEMPATH\Common.php(1184): CodeIgniter\View\View->render('owner/barang_masuk', [], true)
 5 APPPATH\Controllers\Owner.php(226): view('owner/barang_masuk', [...])
 6 SYSTEMPATH\CodeIgniter.php(934): App\Controllers\Owner->masuk()
 7 SYSTEMPATH\CodeIgniter.php(499): CodeIgniter\CodeIgniter->runController(Object(App\Controllers\Owner))
 8 SYSTEMPATH\CodeIgniter.php(368): CodeIgniter\CodeIgniter->handleRequest(null, Object(Config\Cache), false)
 9 FCPATH\index.php(67): CodeIgniter\CodeIgniter->run()
10 SYSTEMPATH\Commands\Server\rewrite.php(47): require_once('FCPATH\\index.php')
CRITICAL - 2023-04-03 00:47:21 --> Undefined variable $conn
in APPPATH\Views\owner\barang_masuk.php on line 457.
 1 APPPATH\Views\owner\barang_masuk.php(457): CodeIgniter\Debug\Exceptions->errorHandler(2, 'Undefined variable $conn', 'APPPATH\\Views\\owner\\barang_masuk.php', 457)
 2 SYSTEMPATH\View\View.php(213): include('APPPATH\\Views\\owner\\barang_masuk.php')
 3 SYSTEMPATH\View\View.php(216): CodeIgniter\View\View->CodeIgniter\View\{closure}()
 4 SYSTEMPATH\Common.php(1184): CodeIgniter\View\View->render('owner/barang_masuk', [], true)
 5 APPPATH\Controllers\Owner.php(226): view('owner/barang_masuk', [...])
 6 SYSTEMPATH\CodeIgniter.php(934): App\Controllers\Owner->masuk()
 7 SYSTEMPATH\CodeIgniter.php(499): CodeIgniter\CodeIgniter->runController(Object(App\Controllers\Owner))
 8 SYSTEMPATH\CodeIgniter.php(368): CodeIgniter\CodeIgniter->handleRequest(null, Object(Config\Cache), false)
 9 FCPATH\index.php(67): CodeIgniter\CodeIgniter->run()
10 SYSTEMPATH\Commands\Server\rewrite.php(47): require_once('FCPATH\\index.php')
