INFO - 2023-04-02 11:25:39 --> Session: Class initialized using 'CodeIgniter\Session\Handlers\FileHandler' driver.
INFO - 2023-04-02 11:25:54 --> Session: Class initialized using 'CodeIgniter\Session\Handlers\FileHandler' driver.
CRITICAL - 2023-04-02 11:33:03 --> Undefined variable $supplier
in APPPATH\Views\owner\supplier.php on line 227.
 1 APPPATH\Views\owner\supplier.php(227): CodeIgniter\Debug\Exceptions->errorHandler(2, 'Undefined variable $supplier', 'APPPATH\\Views\\owner\\supplier.php', 227)
 2 SYSTEMPATH\View\View.php(213): include('APPPATH\\Views\\owner\\supplier.php')
 3 SYSTEMPATH\View\View.php(216): CodeIgniter\View\View->CodeIgniter\View\{closure}()
 4 SYSTEMPATH\Common.php(1184): CodeIgniter\View\View->render('owner/supplier', [], true)
 5 APPPATH\Controllers\Owner.php(69): view('owner/supplier')
 6 SYSTEMPATH\CodeIgniter.php(934): App\Controllers\Owner->supplier()
 7 SYSTEMPATH\CodeIgniter.php(499): CodeIgniter\CodeIgniter->runController(Object(App\Controllers\Owner))
 8 SYSTEMPATH\CodeIgniter.php(368): CodeIgniter\CodeIgniter->handleRequest(null, Object(Config\Cache), false)
 9 FCPATH\index.php(67): CodeIgniter\CodeIgniter->run()
10 SYSTEMPATH\Commands\Server\rewrite.php(47): require_once('FCPATH\\index.php')
CRITICAL - 2023-04-02 11:34:11 --> Undefined variable $supplier
in APPPATH\Views\owner\supplier.php on line 227.
 1 APPPATH\Views\owner\supplier.php(227): CodeIgniter\Debug\Exceptions->errorHandler(2, 'Undefined variable $supplier', 'APPPATH\\Views\\owner\\supplier.php', 227)
 2 SYSTEMPATH\View\View.php(213): include('APPPATH\\Views\\owner\\supplier.php')
 3 SYSTEMPATH\View\View.php(216): CodeIgniter\View\View->CodeIgniter\View\{closure}()
 4 SYSTEMPATH\Common.php(1184): CodeIgniter\View\View->render('owner/supplier', [], true)
 5 APPPATH\Controllers\Owner.php(74): view('owner/supplier')
 6 SYSTEMPATH\CodeIgniter.php(934): App\Controllers\Owner->supplier()
 7 SYSTEMPATH\CodeIgniter.php(499): CodeIgniter\CodeIgniter->runController(Object(App\Controllers\Owner))
 8 SYSTEMPATH\CodeIgniter.php(368): CodeIgniter\CodeIgniter->handleRequest(null, Object(Config\Cache), false)
 9 FCPATH\index.php(67): CodeIgniter\CodeIgniter->run()
10 SYSTEMPATH\Commands\Server\rewrite.php(47): require_once('FCPATH\\index.php')
CRITICAL - 2023-04-02 11:34:51 --> Undefined variable $idSupplier
in APPPATH\Views\owner\supplier.php on line 233.
 1 APPPATH\Views\owner\supplier.php(233): CodeIgniter\Debug\Exceptions->errorHandler(2, 'Undefined variable $idSupplier', 'APPPATH\\Views\\owner\\supplier.php', 233)
 2 SYSTEMPATH\View\View.php(213): include('APPPATH\\Views\\owner\\supplier.php')
 3 SYSTEMPATH\View\View.php(216): CodeIgniter\View\View->CodeIgniter\View\{closure}()
 4 SYSTEMPATH\Common.php(1184): CodeIgniter\View\View->render('owner/supplier', [], true)
 5 APPPATH\Controllers\Owner.php(74): view('owner/supplier', [...])
 6 SYSTEMPATH\CodeIgniter.php(934): App\Controllers\Owner->supplier()
 7 SYSTEMPATH\CodeIgniter.php(499): CodeIgniter\CodeIgniter->runController(Object(App\Controllers\Owner))
 8 SYSTEMPATH\CodeIgniter.php(368): CodeIgniter\CodeIgniter->handleRequest(null, Object(Config\Cache), false)
 9 FCPATH\index.php(67): CodeIgniter\CodeIgniter->run()
10 SYSTEMPATH\Commands\Server\rewrite.php(47): require_once('FCPATH\\index.php')
CRITICAL - 2023-04-02 11:36:23 --> Undefined variable $a
in APPPATH\Views\owner\supplier.php on line 255.
 1 APPPATH\Views\owner\supplier.php(255): CodeIgniter\Debug\Exceptions->errorHandler(2, 'Undefined variable $a', 'APPPATH\\Views\\owner\\supplier.php', 255)
 2 SYSTEMPATH\View\View.php(213): include('APPPATH\\Views\\owner\\supplier.php')
 3 SYSTEMPATH\View\View.php(216): CodeIgniter\View\View->CodeIgniter\View\{closure}()
 4 SYSTEMPATH\Common.php(1184): CodeIgniter\View\View->render('owner/supplier', [], true)
 5 APPPATH\Controllers\Owner.php(74): view('owner/supplier', [...])
 6 SYSTEMPATH\CodeIgniter.php(934): App\Controllers\Owner->supplier()
 7 SYSTEMPATH\CodeIgniter.php(499): CodeIgniter\CodeIgniter->runController(Object(App\Controllers\Owner))
 8 SYSTEMPATH\CodeIgniter.php(368): CodeIgniter\CodeIgniter->handleRequest(null, Object(Config\Cache), false)
 9 FCPATH\index.php(67): CodeIgniter\CodeIgniter->run()
10 SYSTEMPATH\Commands\Server\rewrite.php(47): require_once('FCPATH\\index.php')
INFO - 2023-04-02 16:18:40 --> Session: Class initialized using 'CodeIgniter\Session\Handlers\FileHandler' driver.
CRITICAL - 2023-04-02 16:19:41 --> Invalid file: "akun.php"
in SYSTEMPATH\Exceptions\FrameworkException.php on line 33.
 1 SYSTEMPATH\View\View.php(201): CodeIgniter\Exceptions\FrameworkException::forInvalidFile('akun.php')
 2 SYSTEMPATH\Common.php(1184): CodeIgniter\View\View->render('akun', [], true)
 3 APPPATH\Controllers\Owner.php(65): view('akun')
 4 SYSTEMPATH\CodeIgniter.php(934): App\Controllers\Owner->save_akun()
 5 SYSTEMPATH\CodeIgniter.php(499): CodeIgniter\CodeIgniter->runController(Object(App\Controllers\Owner))
 6 SYSTEMPATH\CodeIgniter.php(368): CodeIgniter\CodeIgniter->handleRequest(null, Object(Config\Cache), false)
 7 FCPATH\index.php(67): CodeIgniter\CodeIgniter->run()
 8 SYSTEMPATH\Commands\Server\rewrite.php(47): require_once('FCPATH\\index.php')
CRITICAL - 2023-04-02 16:21:22 --> Undefined variable $akun
in APPPATH\Views\owner\akun.php on line 216.
 1 APPPATH\Views\owner\akun.php(216): CodeIgniter\Debug\Exceptions->errorHandler(2, 'Undefined variable $akun', 'APPPATH\\Views\\owner\\akun.php', 216)
 2 SYSTEMPATH\View\View.php(213): include('APPPATH\\Views\\owner\\akun.php')
 3 SYSTEMPATH\View\View.php(216): CodeIgniter\View\View->CodeIgniter\View\{closure}()
 4 SYSTEMPATH\Common.php(1184): CodeIgniter\View\View->render('owner/akun', [], true)
 5 APPPATH\Controllers\Owner.php(65): view('owner/akun', [...])
 6 SYSTEMPATH\CodeIgniter.php(934): App\Controllers\Owner->save_akun()
 7 SYSTEMPATH\CodeIgniter.php(499): CodeIgniter\CodeIgniter->runController(Object(App\Controllers\Owner))
 8 SYSTEMPATH\CodeIgniter.php(368): CodeIgniter\CodeIgniter->handleRequest(null, Object(Config\Cache), false)
 9 FCPATH\index.php(67): CodeIgniter\CodeIgniter->run()
10 SYSTEMPATH\Commands\Server\rewrite.php(47): require_once('FCPATH\\index.php')
INFO - 2023-04-02 16:22:11 --> Session: Class initialized using 'CodeIgniter\Session\Handlers\FileHandler' driver.
CRITICAL - 2023-04-02 16:22:42 --> Undefined variable $akun
in APPPATH\Views\owner\akun.php on line 216.
 1 APPPATH\Views\owner\akun.php(216): CodeIgniter\Debug\Exceptions->errorHandler(2, 'Undefined variable $akun', 'APPPATH\\Views\\owner\\akun.php', 216)
 2 SYSTEMPATH\View\View.php(213): include('APPPATH\\Views\\owner\\akun.php')
 3 SYSTEMPATH\View\View.php(216): CodeIgniter\View\View->CodeIgniter\View\{closure}()
 4 SYSTEMPATH\Common.php(1184): CodeIgniter\View\View->render('owner/akun', [], true)
 5 APPPATH\Controllers\Owner.php(67): view('owner/akun', [...])
 6 SYSTEMPATH\CodeIgniter.php(934): App\Controllers\Owner->save_akun()
 7 SYSTEMPATH\CodeIgniter.php(499): CodeIgniter\CodeIgniter->runController(Object(App\Controllers\Owner))
 8 SYSTEMPATH\CodeIgniter.php(368): CodeIgniter\CodeIgniter->handleRequest(null, Object(Config\Cache), false)
 9 FCPATH\index.php(67): CodeIgniter\CodeIgniter->run()
10 SYSTEMPATH\Commands\Server\rewrite.php(47): require_once('FCPATH\\index.php')
INFO - 2023-04-02 16:25:07 --> Session: Class initialized using 'CodeIgniter\Session\Handlers\FileHandler' driver.
CRITICAL - 2023-04-02 16:25:37 --> Undefined variable $akun
in APPPATH\Views\owner\akun.php on line 216.
 1 APPPATH\Views\owner\akun.php(216): CodeIgniter\Debug\Exceptions->errorHandler(2, 'Undefined variable $akun', 'APPPATH\\Views\\owner\\akun.php', 216)
 2 SYSTEMPATH\View\View.php(213): include('APPPATH\\Views\\owner\\akun.php')
 3 SYSTEMPATH\View\View.php(216): CodeIgniter\View\View->CodeIgniter\View\{closure}()
 4 SYSTEMPATH\Common.php(1184): CodeIgniter\View\View->render('owner/akun', [], true)
 5 APPPATH\Controllers\Owner.php(69): view('owner/akun', [...])
 6 SYSTEMPATH\CodeIgniter.php(934): App\Controllers\Owner->save_akun()
 7 SYSTEMPATH\CodeIgniter.php(499): CodeIgniter\CodeIgniter->runController(Object(App\Controllers\Owner))
 8 SYSTEMPATH\CodeIgniter.php(368): CodeIgniter\CodeIgniter->handleRequest(null, Object(Config\Cache), false)
 9 FCPATH\index.php(67): CodeIgniter\CodeIgniter->run()
10 SYSTEMPATH\Commands\Server\rewrite.php(47): require_once('FCPATH\\index.php')
CRITICAL - 2023-04-02 16:32:55 --> Undefined variable $akun
in APPPATH\Views\owner\akun.php on line 216.
 1 APPPATH\Views\owner\akun.php(216): CodeIgniter\Debug\Exceptions->errorHandler(2, 'Undefined variable $akun', 'APPPATH\\Views\\owner\\akun.php', 216)
 2 SYSTEMPATH\View\View.php(213): include('APPPATH\\Views\\owner\\akun.php')
 3 SYSTEMPATH\View\View.php(216): CodeIgniter\View\View->CodeIgniter\View\{closure}()
 4 SYSTEMPATH\Common.php(1184): CodeIgniter\View\View->render('owner/akun', [], true)
 5 APPPATH\Controllers\Owner.php(69): view('owner/akun', [...])
 6 SYSTEMPATH\CodeIgniter.php(934): App\Controllers\Owner->save_akun()
 7 SYSTEMPATH\CodeIgniter.php(499): CodeIgniter\CodeIgniter->runController(Object(App\Controllers\Owner))
 8 SYSTEMPATH\CodeIgniter.php(368): CodeIgniter\CodeIgniter->handleRequest(null, Object(Config\Cache), false)
 9 FCPATH\index.php(67): CodeIgniter\CodeIgniter->run()
10 SYSTEMPATH\Commands\Server\rewrite.php(47): require_once('FCPATH\\index.php')
